[  0%] Built target topic_tools_generate_messages_lisp
[  0%] Built target actionlib_generate_messages_cpp
[  0%] Built target actionlib_generate_messages_nodejs
[  0%] Built target tf2_msgs_generate_messages_nodejs
[  0%] Built target tf_generate_messages_cpp
[  0%] Built target pcl_msgs_generate_messages_py
[  0%] Built target tf2_msgs_generate_messages_lisp
[  0%] Built target topic_tools_generate_messages_nodejs
[  0%] Built target tf_generate_messages_nodejs
[  0%] Built target actionlib_generate_messages_py
[  0%] Built target topic_tools_generate_messages_eus
[  0%] Built target tf2_msgs_generate_messages_eus
[  0%] Built target std_srvs_generate_messages_eus
[  0%] Built target sensor_msgs_generate_messages_py
[  0%] Built target topic_tools_generate_messages_cpp
[  0%] Built target pcl_ros_gencfg
[  0%] Built target std_srvs_generate_messages_lisp
[  0%] Built target sensor_msgs_generate_messages_nodejs
[  0%] Built target std_srvs_generate_messages_py
[  0%] Built target rosgraph_msgs_generate_messages_eus
[  0%] Built target nav_msgs_generate_messages_cpp
[  0%] Built target actionlib_msgs_generate_messages_py
[  0%] Built target dynamic_reconfigure_generate_messages_lisp
[  0%] Built target rosgraph_msgs_generate_messages_nodejs
[35m[1mScanning dependencies of target limu[0m
[  0%] Built target nav_msgs_generate_messages_eus
[  0%] Built target tf2_msgs_generate_messages_cpp
[  0%] Built target tf_generate_messages_eus
[  0%] Built target std_msgs_generate_messages_py
[  0%] Built target nodelet_generate_messages_cpp
[  0%] Built target dynamic_reconfigure_gencfg
[  0%] Built target rosgraph_msgs_generate_messages_lisp
[  0%] Built target geometry_msgs_generate_messages_eus
[  0%] Built target nav_msgs_generate_messages_lisp
[  0%] Built target geometry_msgs_generate_messages_py
[  0%] Built target tf_generate_messages_lisp
[  0%] Built target nodelet_generate_messages_lisp
[  0%] Built target nav_msgs_generate_messages_py
[  0%] Built target std_msgs_generate_messages_nodejs
[  0%] Built target actionlib_generate_messages_lisp
[  0%] Built target rosgraph_msgs_generate_messages_py
[  0%] Built target roscpp_generate_messages_lisp
[  0%] Built target dynamic_reconfigure_generate_messages_cpp
[  0%] Built target geometry_msgs_generate_messages_cpp
[  0%] Built target dynamic_reconfigure_generate_messages_eus
[  0%] Built target std_msgs_generate_messages_cpp
[  0%] Built target geometry_msgs_generate_messages_nodejs
[  0%] Built target actionlib_msgs_generate_messages_nodejs
[  0%] Built target geometry_msgs_generate_messages_lisp
[  0%] Built target tf_generate_messages_py
[  0%] Built target actionlib_msgs_generate_messages_lisp
[  0%] Built target std_msgs_generate_messages_eus
[  0%] Built target actionlib_msgs_generate_messages_cpp
[  0%] Built target std_msgs_generate_messages_lisp
[  0%] Built target std_srvs_generate_messages_cpp
[  0%] Built target actionlib_msgs_generate_messages_eus
[  0%] Built target sensor_msgs_generate_messages_lisp
[  0%] Built target sensor_msgs_generate_messages_eus
[  0%] Built target dynamic_reconfigure_generate_messages_py
[  0%] Built target nodelet_topic_tools_gencfg
[  0%] Built target pcl_msgs_generate_messages_cpp
[  0%] Built target nav_msgs_generate_messages_nodejs
[  0%] Built target sensor_msgs_generate_messages_cpp
[  0%] Built target topic_tools_generate_messages_py
[  0%] Built target roscpp_generate_messages_cpp
[  0%] Built target roscpp_generate_messages_eus
[  0%] Built target roscpp_generate_messages_nodejs
[  0%] Built target rosgraph_msgs_generate_messages_cpp
[  0%] Built target actionlib_generate_messages_eus
[  0%] Built target roscpp_generate_messages_py
[  0%] Built target nodelet_generate_messages_eus
[  0%] Built target nodelet_generate_messages_nodejs
[  0%] Built target std_srvs_generate_messages_nodejs
[  0%] Built target bond_generate_messages_nodejs
[  0%] Built target nodelet_generate_messages_py
[  0%] Built target tf2_msgs_generate_messages_py
[  0%] Built target dynamic_reconfigure_generate_messages_nodejs
[  0%] Built target bond_generate_messages_cpp
[  0%] Built target bond_generate_messages_eus
[  0%] Built target bond_generate_messages_lisp
[  0%] Built target bond_generate_messages_py
[  0%] Built target pcl_msgs_generate_messages_eus
[  0%] Built target pcl_msgs_generate_messages_nodejs
[  0%] Built target pcl_msgs_generate_messages_lisp
[  7%] [32mBuilding CXX object CMakeFiles/limu.dir/src/odom_run.cpp.o[0m
[ 15%] [32mBuilding CXX object CMakeFiles/limu.dir/src/sensors/imu/frame.cpp.o[0m
[ 23%] [32mBuilding CXX object CMakeFiles/limu.dir/src/sensors/lidar/frame.cpp.o[0m
[ 30%] [32mBuilding CXX object CMakeFiles/limu.dir/src/sensors/lidar/helpers/deskew.cpp.o[0m
[ 38%] [32mBuilding CXX object CMakeFiles/limu.dir/src/sensors/lidar/helpers/registration.cpp.o[0m
[ 46%] [32mBuilding CXX object CMakeFiles/limu.dir/src/sensors/lidar/helpers/threshold.cpp.o[0m
[ 53%] [32mBuilding CXX object CMakeFiles/limu.dir/src/sensors/lidar/helpers/voxel_block.cpp.o[0m
[ 61%] [32mBuilding CXX object CMakeFiles/limu.dir/src/sensors/lidar/helpers/voxel_hash_map.cpp.o[0m
[ 69%] [32mBuilding CXX object CMakeFiles/limu.dir/src/sensors/lidar/icp.cpp.o[0m
In file included from [01m[K/mnt/c/wslShared/robotics/lidar/lidar-imu-slam/env_ws/src/limu/include/limu/sensors/lidar/helpers/deskew.hpp:3[m[K,
                 from [01m[K/mnt/c/wslShared/robotics/lidar/lidar-imu-slam/env_ws/src/limu/src/sensors/lidar/helpers/deskew.cpp:2[m[K:
[01m[K/mnt/c/wslShared/robotics/lidar/lidar-imu-slam/env_ws/src/limu/include/common.hpp:[m[K In function ‘[01m[Ktypename std::iterator_traits<_Iterator>::value_type outlier::median(itr, itr)[m[K’:
[01m[K/mnt/c/wslShared/robotics/lidar/lidar-imu-slam/env_ws/src/limu/include/common.hpp:29:13:[m[K [01;31m[Kerror: [m[K‘[01m[Kinp[m[K’ was not declared in this scope; did you mean ‘[01m[Kint[m[K’?
   29 |         if ([01;31m[Kinp[m[K.size() < 30)
      |             [01;31m[K^~~[m[K
      |             [32m[Kint[m[K
[01m[K/mnt/c/wslShared/robotics/lidar/lidar-imu-slam/env_ws/src/limu/include/common.hpp:35:18:[m[K [01;31m[Kerror: [m[K‘[01m[Kparallel_nth_element[m[K’ is not a member of ‘[01m[Ktbb[m[K’
   35 |             tbb::[01;31m[Kparallel_nth_element[m[K(begin, mid, end);
      |                  [01;31m[K^~~~~~~~~~~~~~~~~~~~[m[K
In file included from [01m[K/mnt/c/wslShared/robotics/lidar/lidar-imu-slam/env_ws/src/limu/include/limu/sensors/lidar/helpers/threshold.hpp:4[m[K,
                 from [01m[K/mnt/c/wslShared/robotics/lidar/lidar-imu-slam/env_ws/src/limu/src/sensors/lidar/helpers/threshold.cpp:1[m[K:
[01m[K/mnt/c/wslShared/robotics/lidar/lidar-imu-slam/env_ws/src/limu/include/common.hpp:[m[K In function ‘[01m[Ktypename std::iterator_traits<_Iterator>::value_type outlier::median(itr, itr)[m[K’:
[01m[K/mnt/c/wslShared/robotics/lidar/lidar-imu-slam/env_ws/src/limu/include/common.hpp:29:13:[m[K [01;31m[Kerror: [m[K‘[01m[Kinp[m[K’ was not declared in this scope; did you mean ‘[01m[Kint[m[K’?
   29 |         if ([01;31m[Kinp[m[K.size() < 30)
      |             [01;31m[K^~~[m[K
      |             [32m[Kint[m[K
[01m[K/mnt/c/wslShared/robotics/lidar/lidar-imu-slam/env_ws/src/limu/include/common.hpp:35:18:[m[K [01;31m[Kerror: [m[K‘[01m[Kparallel_nth_element[m[K’ is not a member of ‘[01m[Ktbb[m[K’
   35 |             tbb::[01;31m[Kparallel_nth_element[m[K(begin, mid, end);
      |                  [01;31m[K^~~~~~~~~~~~~~~~~~~~[m[K
make[2]: *** [CMakeFiles/limu.dir/build.make:128: CMakeFiles/limu.dir/src/sensors/lidar/helpers/threshold.cpp.o] Error 1
make[2]: *** Waiting for unfinished jobs....
make[2]: *** [CMakeFiles/limu.dir/build.make:102: CMakeFiles/limu.dir/src/sensors/lidar/helpers/deskew.cpp.o] Error 1
In file included from [01m[K/mnt/c/wslShared/robotics/lidar/lidar-imu-slam/env_ws/src/limu/include/limu/sensors/lidar/helpers/registration.hpp:4[m[K,
                 from [01m[K/mnt/c/wslShared/robotics/lidar/lidar-imu-slam/env_ws/src/limu/src/sensors/lidar/helpers/registration.cpp:1[m[K:
[01m[K/mnt/c/wslShared/robotics/lidar/lidar-imu-slam/env_ws/src/limu/include/common.hpp:[m[K In function ‘[01m[Ktypename std::iterator_traits<_Iterator>::value_type outlier::median(itr, itr)[m[K’:
[01m[K/mnt/c/wslShared/robotics/lidar/lidar-imu-slam/env_ws/src/limu/include/common.hpp:29:13:[m[K [01;31m[Kerror: [m[K‘[01m[Kinp[m[K’ was not declared in this scope; did you mean ‘[01m[Kint[m[K’?
   29 |         if ([01;31m[Kinp[m[K.size() < 30)
      |             [01;31m[K^~~[m[K
      |             [32m[Kint[m[K
[01m[K/mnt/c/wslShared/robotics/lidar/lidar-imu-slam/env_ws/src/limu/include/common.hpp:35:18:[m[K [01;31m[Kerror: [m[K‘[01m[Kparallel_nth_element[m[K’ is not a member of ‘[01m[Ktbb[m[K’
   35 |             tbb::[01;31m[Kparallel_nth_element[m[K(begin, mid, end);
      |                  [01;31m[K^~~~~~~~~~~~~~~~~~~~[m[K
In file included from [01m[K/mnt/c/wslShared/robotics/lidar/lidar-imu-slam/env_ws/src/limu/include/limu/sensors/lidar/helpers/voxel_block.hpp:5[m[K,
                 from [01m[K/mnt/c/wslShared/robotics/lidar/lidar-imu-slam/env_ws/src/limu/src/sensors/lidar/helpers/voxel_block.cpp:1[m[K:
[01m[K/mnt/c/wslShared/robotics/lidar/lidar-imu-slam/env_ws/src/limu/include/common.hpp:[m[K In function ‘[01m[Ktypename std::iterator_traits<_Iterator>::value_type outlier::median(itr, itr)[m[K’:
[01m[K/mnt/c/wslShared/robotics/lidar/lidar-imu-slam/env_ws/src/limu/include/common.hpp:29:13:[m[K [01;31m[Kerror: [m[K‘[01m[Kinp[m[K’ was not declared in this scope; did you mean ‘[01m[Kint[m[K’?
   29 |         if ([01;31m[Kinp[m[K.size() < 30)
      |             [01;31m[K^~~[m[K
      |             [32m[Kint[m[K
[01m[K/mnt/c/wslShared/robotics/lidar/lidar-imu-slam/env_ws/src/limu/include/common.hpp:35:18:[m[K [01;31m[Kerror: [m[K‘[01m[Kparallel_nth_element[m[K’ is not a member of ‘[01m[Ktbb[m[K’
   35 |             tbb::[01;31m[Kparallel_nth_element[m[K(begin, mid, end);
      |                  [01;31m[K^~~~~~~~~~~~~~~~~~~~[m[K
In file included from [01m[K/mnt/c/wslShared/robotics/lidar/lidar-imu-slam/env_ws/src/limu/include/limu/sensors/lidar/helpers/voxel_block.hpp:5[m[K,
                 from [01m[K/mnt/c/wslShared/robotics/lidar/lidar-imu-slam/env_ws/src/limu/include/limu/sensors/lidar/helpers/voxel_hash_map.hpp:6[m[K,
                 from [01m[K/mnt/c/wslShared/robotics/lidar/lidar-imu-slam/env_ws/src/limu/src/sensors/lidar/helpers/voxel_hash_map.cpp:1[m[K:
[01m[K/mnt/c/wslShared/robotics/lidar/lidar-imu-slam/env_ws/src/limu/include/common.hpp:[m[K In function ‘[01m[Ktypename std::iterator_traits<_Iterator>::value_type outlier::median(itr, itr)[m[K’:
[01m[K/mnt/c/wslShared/robotics/lidar/lidar-imu-slam/env_ws/src/limu/include/common.hpp:29:13:[m[K [01;31m[Kerror: [m[K‘[01m[Kinp[m[K’ was not declared in this scope; did you mean ‘[01m[Kint[m[K’?
   29 |         if ([01;31m[Kinp[m[K.size() < 30)
      |             [01;31m[K^~~[m[K
      |             [32m[Kint[m[K
[01m[K/mnt/c/wslShared/robotics/lidar/lidar-imu-slam/env_ws/src/limu/include/common.hpp:35:18:[m[K [01;31m[Kerror: [m[K‘[01m[Kparallel_nth_element[m[K’ is not a member of ‘[01m[Ktbb[m[K’
   35 |             tbb::[01;31m[Kparallel_nth_element[m[K(begin, mid, end);
      |                  [01;31m[K^~~~~~~~~~~~~~~~~~~~[m[K
In file included from [01m[K/mnt/c/wslShared/robotics/lidar/lidar-imu-slam/env_ws/src/limu/include/limu/sensors/imu/frame.hpp:5[m[K,
                 from [01m[K/mnt/c/wslShared/robotics/lidar/lidar-imu-slam/env_ws/src/limu/src/sensors/imu/frame.cpp:1[m[K:
[01m[K/mnt/c/wslShared/robotics/lidar/lidar-imu-slam/env_ws/src/limu/include/common.hpp:[m[K In function ‘[01m[Ktypename std::iterator_traits<_Iterator>::value_type outlier::median(itr, itr)[m[K’:
[01m[K/mnt/c/wslShared/robotics/lidar/lidar-imu-slam/env_ws/src/limu/include/common.hpp:29:13:[m[K [01;31m[Kerror: [m[K‘[01m[Kinp[m[K’ was not declared in this scope; did you mean ‘[01m[Kint[m[K’?
   29 |         if ([01;31m[Kinp[m[K.size() < 30)
      |             [01;31m[K^~~[m[K
      |             [32m[Kint[m[K
[01m[K/mnt/c/wslShared/robotics/lidar/lidar-imu-slam/env_ws/src/limu/include/common.hpp:35:18:[m[K [01;31m[Kerror: [m[K‘[01m[Kparallel_nth_element[m[K’ is not a member of ‘[01m[Ktbb[m[K’
   35 |             tbb::[01;31m[Kparallel_nth_element[m[K(begin, mid, end);
      |                  [01;31m[K^~~~~~~~~~~~~~~~~~~~[m[K
make[2]: *** [CMakeFiles/limu.dir/build.make:141: CMakeFiles/limu.dir/src/sensors/lidar/helpers/voxel_block.cpp.o] Error 1
make[2]: *** [CMakeFiles/limu.dir/build.make:154: CMakeFiles/limu.dir/src/sensors/lidar/helpers/voxel_hash_map.cpp.o] Error 1
make[2]: *** [CMakeFiles/limu.dir/build.make:76: CMakeFiles/limu.dir/src/sensors/imu/frame.cpp.o] Error 1
In file included from [01m[K/mnt/c/wslShared/robotics/lidar/lidar-imu-slam/env_ws/src/limu/include/limu/sensors/lidar/helpers/registration.hpp:4[m[K,
                 from [01m[K/mnt/c/wslShared/robotics/lidar/lidar-imu-slam/env_ws/src/limu/include/limu/sensors/lidar/icp.hpp:20[m[K,
                 from [01m[K/mnt/c/wslShared/robotics/lidar/lidar-imu-slam/env_ws/src/limu/src/sensors/lidar/icp.cpp:1[m[K:
[01m[K/mnt/c/wslShared/robotics/lidar/lidar-imu-slam/env_ws/src/limu/include/common.hpp:[m[K In function ‘[01m[Ktypename std::iterator_traits<_Iterator>::value_type outlier::median(itr, itr)[m[K’:
[01m[K/mnt/c/wslShared/robotics/lidar/lidar-imu-slam/env_ws/src/limu/include/common.hpp:29:13:[m[K [01;31m[Kerror: [m[K‘[01m[Kinp[m[K’ was not declared in this scope; did you mean ‘[01m[Kint[m[K’?
   29 |         if ([01;31m[Kinp[m[K.size() < 30)
      |             [01;31m[K^~~[m[K
      |             [32m[Kint[m[K
[01m[K/mnt/c/wslShared/robotics/lidar/lidar-imu-slam/env_ws/src/limu/include/common.hpp:35:18:[m[K [01;31m[Kerror: [m[K‘[01m[Kparallel_nth_element[m[K’ is not a member of ‘[01m[Ktbb[m[K’
   35 |             tbb::[01;31m[Kparallel_nth_element[m[K(begin, mid, end);
      |                  [01;31m[K^~~~~~~~~~~~~~~~~~~~[m[K
make[2]: *** [CMakeFiles/limu.dir/build.make:115: CMakeFiles/limu.dir/src/sensors/lidar/helpers/registration.cpp.o] Error 1
In file included from [01m[K/mnt/c/wslShared/robotics/lidar/lidar-imu-slam/env_ws/src/limu/include/limu/sensors/lidar/frame.hpp:9[m[K,
                 from [01m[K/mnt/c/wslShared/robotics/lidar/lidar-imu-slam/env_ws/src/limu/src/sensors/lidar/frame.cpp:1[m[K:
[01m[K/mnt/c/wslShared/robotics/lidar/lidar-imu-slam/env_ws/src/limu/include/common.hpp:[m[K In function ‘[01m[Ktypename std::iterator_traits<_Iterator>::value_type outlier::median(itr, itr)[m[K’:
[01m[K/mnt/c/wslShared/robotics/lidar/lidar-imu-slam/env_ws/src/limu/include/common.hpp:29:13:[m[K [01;31m[Kerror: [m[K‘[01m[Kinp[m[K’ was not declared in this scope; did you mean ‘[01m[Kint[m[K’?
   29 |         if ([01;31m[Kinp[m[K.size() < 30)
      |             [01;31m[K^~~[m[K
      |             [32m[Kint[m[K
[01m[K/mnt/c/wslShared/robotics/lidar/lidar-imu-slam/env_ws/src/limu/include/common.hpp:35:18:[m[K [01;31m[Kerror: [m[K‘[01m[Kparallel_nth_element[m[K’ is not a member of ‘[01m[Ktbb[m[K’
   35 |             tbb::[01;31m[Kparallel_nth_element[m[K(begin, mid, end);
      |                  [01;31m[K^~~~~~~~~~~~~~~~~~~~[m[K
In file included from [01m[K/mnt/c/wslShared/robotics/lidar/lidar-imu-slam/env_ws/src/limu/include/limu/sensors/lidar/frame.hpp:9[m[K,
                 from [01m[K/mnt/c/wslShared/robotics/lidar/lidar-imu-slam/env_ws/src/limu/src/odom_run.hpp:8[m[K,
                 from [01m[K/mnt/c/wslShared/robotics/lidar/lidar-imu-slam/env_ws/src/limu/src/odom_run.cpp:1[m[K:
[01m[K/mnt/c/wslShared/robotics/lidar/lidar-imu-slam/env_ws/src/limu/include/common.hpp:[m[K In function ‘[01m[Ktypename std::iterator_traits<_Iterator>::value_type outlier::median(itr, itr)[m[K’:
[01m[K/mnt/c/wslShared/robotics/lidar/lidar-imu-slam/env_ws/src/limu/include/common.hpp:29:13:[m[K [01;31m[Kerror: [m[K‘[01m[Kinp[m[K’ was not declared in this scope; did you mean ‘[01m[Kint[m[K’?
   29 |         if ([01;31m[Kinp[m[K.size() < 30)
      |             [01;31m[K^~~[m[K
      |             [32m[Kint[m[K
[01m[K/mnt/c/wslShared/robotics/lidar/lidar-imu-slam/env_ws/src/limu/include/common.hpp:35:18:[m[K [01;31m[Kerror: [m[K‘[01m[Kparallel_nth_element[m[K’ is not a member of ‘[01m[Ktbb[m[K’
   35 |             tbb::[01;31m[Kparallel_nth_element[m[K(begin, mid, end);
      |                  [01;31m[K^~~~~~~~~~~~~~~~~~~~[m[K
make[2]: *** [CMakeFiles/limu.dir/build.make:89: CMakeFiles/limu.dir/src/sensors/lidar/frame.cpp.o] Error 1
make[2]: *** [CMakeFiles/limu.dir/build.make:63: CMakeFiles/limu.dir/src/odom_run.cpp.o] Error 1
make[2]: *** [CMakeFiles/limu.dir/build.make:167: CMakeFiles/limu.dir/src/sensors/lidar/icp.cpp.o] Error 1
make[1]: *** [CMakeFiles/Makefile2:225: CMakeFiles/limu.dir/all] Error 2
make: *** [Makefile:141: all] Error 2
