In file included from [01m[K/mnt/c/wslShared/robotics/lidar/lidar-imu-slam/env_ws/src/limu/include/limu/kalman/helper.hpp:5[m[K,
                 from [01m[K/mnt/c/wslShared/robotics/lidar/lidar-imu-slam/env_ws/src/limu/include/limu/kalman/states.hpp:6[m[K,
                 from [01m[K/mnt/c/wslShared/robotics/lidar/lidar-imu-slam/env_ws/src/limu/include/limu/kalman/ekf.hpp:9[m[K,
                 from [01m[K/mnt/c/wslShared/robotics/lidar/lidar-imu-slam/env_ws/src/limu/src/lio.hpp:12[m[K,
                 from [01m[K/mnt/c/wslShared/robotics/lidar/lidar-imu-slam/env_ws/src/limu/src/lio.cpp:1[m[K:
[01m[K/usr/include/tbb/atomic.h:21:141:[m[K [01;36m[Knote: [m[K#pragma message: TBB Warning: tbb/atomic.h is deprecated. For details, please see Deprecated Features appendix in the TBB reference manual.
   21 | #pragma message("TBB Warning: tbb/atomic.h is deprecated. For details, please see Deprecated Features appendix in the TBB reference manual."[01;36m[K)[m[K
      |                                                                                                                                             [01;36m[K^[m[K
[01m[K/mnt/c/wslShared/robotics/lidar/lidar-imu-slam/env_ws/src/limu/src/lio.cpp:[m[K In member function ‘[01m[Kvoid LIO::initialize_publishers(ros::NodeHandle&)[m[K’:
[01m[K/mnt/c/wslShared/robotics/lidar/lidar-imu-slam/env_ws/src/limu/src/lio.cpp:6:45:[m[K [01;31m[Kerror: [m[K‘[01m[KLIO[m[K’ is not a member of ‘[01m[Knav_msgs[m[K’; did you mean ‘[01m[KLIO[m[K’?
    6 |     odom_publisher = nh.advertise<nav_msgs::[01;31m[KLIO[m[K>("LIO", queue_size);
      |                                             [01;31m[K^~~[m[K
In file included from [01m[K/mnt/c/wslShared/robotics/lidar/lidar-imu-slam/env_ws/src/limu/src/lio.cpp:1[m[K:
[01m[K/mnt/c/wslShared/robotics/lidar/lidar-imu-slam/env_ws/src/limu/src/lio.hpp:18:7:[m[K [01;36m[Knote: [m[K‘[01m[KLIO[m[K’ declared here
   18 | class [01;36m[KLIO[m[K
      |       [01;36m[K^~~[m[K
[01m[K/mnt/c/wslShared/robotics/lidar/lidar-imu-slam/env_ws/src/limu/src/lio.cpp:6:45:[m[K [01;31m[Kerror: [m[K‘[01m[KLIO[m[K’ is not a member of ‘[01m[Knav_msgs[m[K’; did you mean ‘[01m[KLIO[m[K’?
    6 |     odom_publisher = nh.advertise<nav_msgs::[01;31m[KLIO[m[K>("LIO", queue_size);
      |                                             [01;31m[K^~~[m[K
In file included from [01m[K/mnt/c/wslShared/robotics/lidar/lidar-imu-slam/env_ws/src/limu/src/lio.cpp:1[m[K:
[01m[K/mnt/c/wslShared/robotics/lidar/lidar-imu-slam/env_ws/src/limu/src/lio.hpp:18:7:[m[K [01;36m[Knote: [m[K‘[01m[KLIO[m[K’ declared here
   18 | class [01;36m[KLIO[m[K
      |       [01;36m[K^~~[m[K
[01m[K/mnt/c/wslShared/robotics/lidar/lidar-imu-slam/env_ws/src/limu/src/lio.cpp:6:67:[m[K [01;31m[Kerror: [m[Kno matching function for call to ‘[01m[Kros::NodeHandle::advertise<<expression error> >(const char [4], int&)[m[K’
    6 |     odom_publisher = nh.advertise<nav_msgs::LIO>("LIO", queue_size[01;31m[K)[m[K;
      |                                                                   [01;31m[K^[m[K
In file included from [01m[K/opt/ros/noetic/include/ros/ros.h:45[m[K,
                 from [01m[K/opt/ros/noetic/include/tf2_ros/static_transform_broadcaster.h:38[m[K,
                 from [01m[K/mnt/c/wslShared/robotics/lidar/lidar-imu-slam/env_ws/src/limu/src/lio.hpp:4[m[K,
                 from [01m[K/mnt/c/wslShared/robotics/lidar/lidar-imu-slam/env_ws/src/limu/src/lio.cpp:1[m[K:
[01m[K/opt/ros/noetic/include/ros/node_handle.h:249:15:[m[K [01;36m[Knote: [m[Kcandidate: ‘[01m[Ktemplate<class M> ros::Publisher ros::NodeHandle::advertise(const string&, uint32_t, bool)[m[K’
  249 |     Publisher [01;36m[Kadvertise[m[K(const std::string& topic, uint32_t queue_size, bool latch = false)
      |               [01;36m[K^~~~~~~~~[m[K
[01m[K/opt/ros/noetic/include/ros/node_handle.h:249:15:[m[K [01;36m[Knote: [m[K  template argument deduction/substitution failed:
[01m[K/mnt/c/wslShared/robotics/lidar/lidar-imu-slam/env_ws/src/limu/src/lio.cpp:6:67:[m[K [01;31m[Kerror: [m[Ktemplate argument 1 is invalid
    6 |     odom_publisher = nh.advertise<nav_msgs::LIO>("LIO", queue_size[01;31m[K)[m[K;
      |                                                                   [01;31m[K^[m[K
In file included from [01m[K/opt/ros/noetic/include/ros/ros.h:45[m[K,
                 from [01m[K/opt/ros/noetic/include/tf2_ros/static_transform_broadcaster.h:38[m[K,
                 from [01m[K/mnt/c/wslShared/robotics/lidar/lidar-imu-slam/env_ws/src/limu/src/lio.hpp:4[m[K,
                 from [01m[K/mnt/c/wslShared/robotics/lidar/lidar-imu-slam/env_ws/src/limu/src/lio.cpp:1[m[K:
[01m[K/opt/ros/noetic/include/ros/node_handle.h:315:13:[m[K [01;36m[Knote: [m[Kcandidate: ‘[01m[Ktemplate<class M> ros::Publisher ros::NodeHandle::advertise(const string&, uint32_t, const SubscriberStatusCallback&, const SubscriberStatusCallback&, const VoidConstPtr&, bool)[m[K’
  315 |   Publisher [01;36m[Kadvertise[m[K(const std::string& topic, uint32_t queue_size,
      |             [01;36m[K^~~~~~~~~[m[K
[01m[K/opt/ros/noetic/include/ros/node_handle.h:315:13:[m[K [01;36m[Knote: [m[K  template argument deduction/substitution failed:
[01m[K/mnt/c/wslShared/robotics/lidar/lidar-imu-slam/env_ws/src/limu/src/lio.cpp:6:67:[m[K [01;31m[Kerror: [m[Ktemplate argument 1 is invalid
    6 |     odom_publisher = nh.advertise<nav_msgs::LIO>("LIO", queue_size[01;31m[K)[m[K;
      |                                                                   [01;31m[K^[m[K
[01m[K/mnt/c/wslShared/robotics/lidar/lidar-imu-slam/env_ws/src/limu/src/lio.cpp:[m[K In member function ‘[01m[Kvoid LIO::run()[m[K’:
[01m[K/mnt/c/wslShared/robotics/lidar/lidar-imu-slam/env_ws/src/limu/src/lio.cpp:209:18:[m[K [01;31m[Kerror: [m[K‘[01m[Kusing element_type = class frame::Imu[m[K’ {aka ‘[01m[Kclass frame::Imu[m[K’} has no member named ‘[01m[Kprocess[m[K’
  209 |         imu_ptr->[01;31m[Kprocess[m[K(meas);
      |                  [01;31m[K^~~~~~~[m[K
make[2]: *** [CMakeFiles/limu.dir/build.make:76: CMakeFiles/limu.dir/src/lio.cpp.o] Error 1
make[1]: *** [CMakeFiles/Makefile2:225: CMakeFiles/limu.dir/all] Error 2
make: *** [Makefile:141: all] Error 2
