[  0%] Built target actionlib_generate_messages_nodejs
[  0%] Built target actionlib_generate_messages_cpp
[  0%] Built target tf2_msgs_generate_messages_lisp
[  0%] Built target pcl_msgs_generate_messages_py
[  0%] Built target tf2_msgs_generate_messages_nodejs
[  0%] Built target topic_tools_generate_messages_lisp
[  0%] Built target tf_generate_messages_nodejs
[  0%] Built target topic_tools_generate_messages_nodejs
[  0%] Built target actionlib_generate_messages_py
[  0%] Built target tf_generate_messages_cpp
[  0%] Built target topic_tools_generate_messages_eus
[  0%] Built target std_srvs_generate_messages_lisp
[  0%] Built target tf2_msgs_generate_messages_eus
[  0%] Built target topic_tools_generate_messages_cpp
[  0%] Built target sensor_msgs_generate_messages_nodejs
[  0%] Built target sensor_msgs_generate_messages_py
[  0%] Built target pcl_ros_gencfg
[  0%] Built target std_srvs_generate_messages_eus
[  0%] Built target nav_msgs_generate_messages_cpp
[  0%] Built target std_srvs_generate_messages_py
[  0%] Built target rosgraph_msgs_generate_messages_eus
[  0%] Built target actionlib_msgs_generate_messages_py
[35m[1mScanning dependencies of target limu[0m
[  0%] Built target dynamic_reconfigure_generate_messages_lisp
[  0%] Built target rosgraph_msgs_generate_messages_nodejs
[  0%] Built target tf2_msgs_generate_messages_cpp
[  0%] Built target nav_msgs_generate_messages_eus
[  0%] Built target std_msgs_generate_messages_py
[  0%] Built target tf_generate_messages_eus
[  0%] Built target rosgraph_msgs_generate_messages_lisp
[  0%] Built target geometry_msgs_generate_messages_eus
[  0%] Built target nodelet_generate_messages_cpp
[  0%] Built target dynamic_reconfigure_gencfg
[  0%] Built target nav_msgs_generate_messages_lisp
[  0%] Built target geometry_msgs_generate_messages_py
[  0%] Built target tf_generate_messages_lisp
[  0%] Built target nav_msgs_generate_messages_py
[  0%] Built target std_msgs_generate_messages_nodejs
[  0%] Built target nodelet_generate_messages_lisp
[  0%] Built target actionlib_generate_messages_lisp
[  0%] Built target rosgraph_msgs_generate_messages_py
[  0%] Built target roscpp_generate_messages_lisp
[  0%] Built target geometry_msgs_generate_messages_cpp
[  0%] Built target dynamic_reconfigure_generate_messages_cpp
[  0%] Built target dynamic_reconfigure_generate_messages_eus
[  0%] Built target geometry_msgs_generate_messages_nodejs
[  0%] Built target std_msgs_generate_messages_cpp
[  0%] Built target geometry_msgs_generate_messages_lisp
[  0%] Built target tf_generate_messages_py
[  0%] Built target actionlib_msgs_generate_messages_lisp
[  0%] Built target actionlib_msgs_generate_messages_nodejs
[  0%] Built target std_msgs_generate_messages_eus
[  0%] Built target actionlib_msgs_generate_messages_cpp
[  0%] Built target std_msgs_generate_messages_lisp
[  0%] Built target std_srvs_generate_messages_cpp
[  0%] Built target actionlib_msgs_generate_messages_eus
[  0%] Built target dynamic_reconfigure_generate_messages_py
[  0%] Built target sensor_msgs_generate_messages_lisp
[  0%] Built target sensor_msgs_generate_messages_eus
[  0%] Built target nodelet_topic_tools_gencfg
[  0%] Built target nav_msgs_generate_messages_nodejs
[  0%] Built target pcl_msgs_generate_messages_cpp
[  0%] Built target sensor_msgs_generate_messages_cpp
[  0%] Built target topic_tools_generate_messages_py
[  0%] Built target roscpp_generate_messages_cpp
[  0%] Built target roscpp_generate_messages_eus
[  0%] Built target roscpp_generate_messages_nodejs
[  0%] Built target roscpp_generate_messages_py
[  0%] Built target actionlib_generate_messages_eus
[  0%] Built target rosgraph_msgs_generate_messages_cpp
[  0%] Built target nodelet_generate_messages_eus
[  0%] Built target nodelet_generate_messages_nodejs
[  0%] Built target bond_generate_messages_nodejs
[  0%] Built target std_srvs_generate_messages_nodejs
[  0%] Built target nodelet_generate_messages_py
[  0%] Built target tf2_msgs_generate_messages_py
[  0%] Built target dynamic_reconfigure_generate_messages_nodejs
[  0%] Built target bond_generate_messages_cpp
[  0%] Built target bond_generate_messages_eus
[  0%] Built target bond_generate_messages_py
[  0%] Built target pcl_msgs_generate_messages_eus
[  0%] Built target pcl_msgs_generate_messages_nodejs
[  0%] Built target bond_generate_messages_lisp
[  0%] Built target pcl_msgs_generate_messages_lisp
[  7%] [32mBuilding CXX object CMakeFiles/limu.dir/src/sensors/lidar/helpers/voxel_hash_map.cpp.o[0m
[01m[K/mnt/c/wslShared/robotics/lidar/lidar-imu-slam/env_ws/src/limu/src/sensors/lidar/helpers/voxel_hash_map.cpp:[m[K In lambda function:
[01m[K/mnt/c/wslShared/robotics/lidar/lidar-imu-slam/env_ws/src/limu/src/sensors/lidar/helpers/voxel_hash_map.cpp:157:87:[m[K [01;31m[Kerror: [m[Kno matching function for call to ‘[01m[Kboost::unique_lock<boost::shared_mutex>::unique_lock(boost::shared_lock<boost::shared_mutex>&, const boost::defer_lock_t&)[m[K’
  157 |                 boost::unique_lock<boost::shared_mutex> unique(lock, boost::defer_lock[01;31m[K)[m[K;
      |                                                                                       [01;31m[K^[m[K
In file included from [01m[K/usr/include/boost/thread/pthread/mutex.hpp:16[m[K,
                 from [01m[K/usr/include/boost/thread/mutex.hpp:16[m[K,
                 from [01m[K/usr/include/boost/thread/pthread/shared_mutex.hpp:14[m[K,
                 from [01m[K/usr/include/boost/thread/shared_mutex.hpp:28[m[K,
                 from [01m[K/mnt/c/wslShared/robotics/lidar/lidar-imu-slam/env_ws/src/limu/include/limu/sensors/lidar/helpers/voxel_hash_map.hpp:5[m[K,
                 from [01m[K/mnt/c/wslShared/robotics/lidar/lidar-imu-slam/env_ws/src/limu/src/sensors/lidar/helpers/voxel_hash_map.cpp:1[m[K:
[01m[K/usr/include/boost/thread/lock_types.hpp:242:5:[m[K [01;36m[Knote: [m[Kcandidate: ‘[01m[Ktemplate<class Rep, class Period> boost::unique_lock<Mutex>::unique_lock(boost::upgrade_lock<Mutex>&&, const boost::chrono::duration<Rep2, Period2>&)[m[K’
  242 |     [01;36m[Kunique_lock[m[K(BOOST_THREAD_RV_REF_BEG upgrade_lock<mutex_type> BOOST_THREAD_RV_REF_END ul,
      |     [01;36m[K^~~~~~~~~~~[m[K
[01m[K/usr/include/boost/thread/lock_types.hpp:242:5:[m[K [01;36m[Knote: [m[K  template argument deduction/substitution failed:
[01m[K/mnt/c/wslShared/robotics/lidar/lidar-imu-slam/env_ws/src/limu/src/sensors/lidar/helpers/voxel_hash_map.cpp:157:87:[m[K [01;36m[Knote: [m[K  ‘[01m[Kconst boost::defer_lock_t[m[K’ is not derived from ‘[01m[Kconst boost::chrono::duration<Rep, Period>[m[K’
  157 |                 boost::unique_lock<boost::shared_mutex> unique(lock, boost::defer_lock[01;36m[K)[m[K;
      |                                                                                       [01;36m[K^[m[K
In file included from [01m[K/usr/include/boost/thread/pthread/mutex.hpp:16[m[K,
                 from [01m[K/usr/include/boost/thread/mutex.hpp:16[m[K,
                 from [01m[K/usr/include/boost/thread/pthread/shared_mutex.hpp:14[m[K,
                 from [01m[K/usr/include/boost/thread/shared_mutex.hpp:28[m[K,
                 from [01m[K/mnt/c/wslShared/robotics/lidar/lidar-imu-slam/env_ws/src/limu/include/limu/sensors/lidar/helpers/voxel_hash_map.hpp:5[m[K,
                 from [01m[K/mnt/c/wslShared/robotics/lidar/lidar-imu-slam/env_ws/src/limu/src/sensors/lidar/helpers/voxel_hash_map.cpp:1[m[K:
[01m[K/usr/include/boost/thread/lock_types.hpp:223:5:[m[K [01;36m[Knote: [m[Kcandidate: ‘[01m[Ktemplate<class Clock, class Duration> boost::unique_lock<Mutex>::unique_lock(boost::upgrade_lock<Mutex>&&, const boost::chrono::time_point<Clock, Duration>&)[m[K’
  223 |     [01;36m[Kunique_lock[m[K(BOOST_THREAD_RV_REF_BEG upgrade_lock<mutex_type> BOOST_THREAD_RV_REF_END ul,
      |     [01;36m[K^~~~~~~~~~~[m[K
[01m[K/usr/include/boost/thread/lock_types.hpp:223:5:[m[K [01;36m[Knote: [m[K  template argument deduction/substitution failed:
[01m[K/mnt/c/wslShared/robotics/lidar/lidar-imu-slam/env_ws/src/limu/src/sensors/lidar/helpers/voxel_hash_map.cpp:157:87:[m[K [01;36m[Knote: [m[K  ‘[01m[Kconst boost::defer_lock_t[m[K’ is not derived from ‘[01m[Kconst boost::chrono::time_point<Clock, Duration1>[m[K’
  157 |                 boost::unique_lock<boost::shared_mutex> unique(lock, boost::defer_lock[01;36m[K)[m[K;
      |                                                                                       [01;36m[K^[m[K
In file included from [01m[K/usr/include/boost/thread/pthread/mutex.hpp:16[m[K,
                 from [01m[K/usr/include/boost/thread/mutex.hpp:16[m[K,
                 from [01m[K/usr/include/boost/thread/pthread/shared_mutex.hpp:14[m[K,
                 from [01m[K/usr/include/boost/thread/shared_mutex.hpp:28[m[K,
                 from [01m[K/mnt/c/wslShared/robotics/lidar/lidar-imu-slam/env_ws/src/limu/include/limu/sensors/lidar/helpers/voxel_hash_map.hpp:5[m[K,
                 from [01m[K/mnt/c/wslShared/robotics/lidar/lidar-imu-slam/env_ws/src/limu/src/sensors/lidar/helpers/voxel_hash_map.cpp:1[m[K:
[01m[K/usr/include/boost/thread/lock_types.hpp:204:5:[m[K [01;36m[Knote: [m[Kcandidate: ‘[01m[Kboost::unique_lock<Mutex>::unique_lock(boost::upgrade_lock<Mutex>&&, boost::try_to_lock_t) [with Mutex = boost::shared_mutex][m[K’
  204 |     [01;36m[Kunique_lock[m[K(BOOST_THREAD_RV_REF_BEG upgrade_lock<mutex_type> BOOST_THREAD_RV_REF_END ul, try_to_lock_t)
      |     [01;36m[K^~~~~~~~~~~[m[K
[01m[K/usr/include/boost/thread/lock_types.hpp:204:90:[m[K [01;36m[Knote: [m[K  no known conversion for argument 1 from ‘[01m[Kboost::shared_lock<boost::shared_mutex>[m[K’ to ‘[01m[Kboost::upgrade_lock<boost::shared_mutex>&&[m[K’
  204 |     unique_lock(BOOST_THREAD_RV_REF_BEG [01;36m[Kupgrade_lock<mutex_type> BOOST_THREAD_RV_REF_END ul[m[K, try_to_lock_t)
      |                                         [01;36m[K~~~~~~~~~~~~~~~~~~~~~~~~~~~~~~~~~~~~~~~~~~~~~~~~~^~[m[K
[01m[K/usr/include/boost/thread/lock_types.hpp:1041:3:[m[K [01;36m[Knote: [m[Kcandidate: ‘[01m[Kboost::unique_lock<Mutex>::unique_lock(boost::upgrade_lock<Mutex>&&) [with Mutex = boost::shared_mutex][m[K’
 1041 |   [01;36m[Kunique_lock<Mutex>[m[K::unique_lock(BOOST_THREAD_RV_REF_BEG upgrade_lock<Mutex> BOOST_THREAD_RV_REF_END other):
      |   [01;36m[K^~~~~~~~~~~~~~~~~~[m[K
[01m[K/usr/include/boost/thread/lock_types.hpp:1041:3:[m[K [01;36m[Knote: [m[K  candidate expects 1 argument, 2 provided
In file included from [01m[K/usr/include/boost/thread/pthread/mutex.hpp:16[m[K,
                 from [01m[K/usr/include/boost/thread/mutex.hpp:16[m[K,
                 from [01m[K/usr/include/boost/thread/pthread/shared_mutex.hpp:14[m[K,
                 from [01m[K/usr/include/boost/thread/shared_mutex.hpp:28[m[K,
                 from [01m[K/mnt/c/wslShared/robotics/lidar/lidar-imu-slam/env_ws/src/limu/include/limu/sensors/lidar/helpers/voxel_hash_map.hpp:5[m[K,
                 from [01m[K/mnt/c/wslShared/robotics/lidar/lidar-imu-slam/env_ws/src/limu/src/sensors/lidar/helpers/voxel_hash_map.cpp:1[m[K:
[01m[K/usr/include/boost/thread/lock_types.hpp:167:5:[m[K [01;36m[Knote: [m[Kcandidate: ‘[01m[Kboost::unique_lock<Mutex>::unique_lock(boost::unique_lock<Mutex>&&) [with Mutex = boost::shared_mutex][m[K’
  167 |     [01;36m[Kunique_lock[m[K(BOOST_THREAD_RV_REF(unique_lock) other) BOOST_NOEXCEPT:
      |     [01;36m[K^~~~~~~~~~~[m[K
[01m[K/usr/include/boost/thread/lock_types.hpp:167:5:[m[K [01;36m[Knote: [m[K  candidate expects 1 argument, 2 provided
[01m[K/usr/include/boost/thread/lock_types.hpp:161:5:[m[K [01;36m[Knote: [m[Kcandidate: ‘[01m[Ktemplate<class Rep, class Period> boost::unique_lock<Mutex>::unique_lock(Mutex&, const boost::chrono::duration<Rep2, Period2>&)[m[K’
  161 |     [01;36m[Kunique_lock[m[K(Mutex& mtx, const chrono::duration<Rep, Period>& d)
      |     [01;36m[K^~~~~~~~~~~[m[K
[01m[K/usr/include/boost/thread/lock_types.hpp:161:5:[m[K [01;36m[Knote: [m[K  template argument deduction/substitution failed:
[01m[K/mnt/c/wslShared/robotics/lidar/lidar-imu-slam/env_ws/src/limu/src/sensors/lidar/helpers/voxel_hash_map.cpp:157:87:[m[K [01;36m[Knote: [m[K  ‘[01m[Kconst boost::defer_lock_t[m[K’ is not derived from ‘[01m[Kconst boost::chrono::duration<Rep, Period>[m[K’
  157 |                 boost::unique_lock<boost::shared_mutex> unique(lock, boost::defer_lock[01;36m[K)[m[K;
      |                                                                                       [01;36m[K^[m[K
In file included from [01m[K/usr/include/boost/thread/pthread/mutex.hpp:16[m[K,
                 from [01m[K/usr/include/boost/thread/mutex.hpp:16[m[K,
                 from [01m[K/usr/include/boost/thread/pthread/shared_mutex.hpp:14[m[K,
                 from [01m[K/usr/include/boost/thread/shared_mutex.hpp:28[m[K,
                 from [01m[K/mnt/c/wslShared/robotics/lidar/lidar-imu-slam/env_ws/src/limu/include/limu/sensors/lidar/helpers/voxel_hash_map.hpp:5[m[K,
                 from [01m[K/mnt/c/wslShared/robotics/lidar/lidar-imu-slam/env_ws/src/limu/src/sensors/lidar/helpers/voxel_hash_map.cpp:1[m[K:
[01m[K/usr/include/boost/thread/lock_types.hpp:156:5:[m[K [01;36m[Knote: [m[Kcandidate: ‘[01m[Ktemplate<class Clock, class Duration> boost::unique_lock<Mutex>::unique_lock(Mutex&, const boost::chrono::time_point<Clock, Duration>&)[m[K’
  156 |     [01;36m[Kunique_lock[m[K(Mutex& mtx, const chrono::time_point<Clock, Duration>& t)
      |     [01;36m[K^~~~~~~~~~~[m[K
[01m[K/usr/include/boost/thread/lock_types.hpp:156:5:[m[K [01;36m[Knote: [m[K  template argument deduction/substitution failed:
[01m[K/mnt/c/wslShared/robotics/lidar/lidar-imu-slam/env_ws/src/limu/src/sensors/lidar/helpers/voxel_hash_map.cpp:157:87:[m[K [01;36m[Knote: [m[K  ‘[01m[Kconst boost::defer_lock_t[m[K’ is not derived from ‘[01m[Kconst boost::chrono::time_point<Clock, Duration1>[m[K’
  157 |                 boost::unique_lock<boost::shared_mutex> unique(lock, boost::defer_lock[01;36m[K)[m[K;
      |                                                                                       [01;36m[K^[m[K
In file included from [01m[K/usr/include/boost/thread/pthread/mutex.hpp:16[m[K,
                 from [01m[K/usr/include/boost/thread/mutex.hpp:16[m[K,
                 from [01m[K/usr/include/boost/thread/pthread/shared_mutex.hpp:14[m[K,
                 from [01m[K/usr/include/boost/thread/shared_mutex.hpp:28[m[K,
                 from [01m[K/mnt/c/wslShared/robotics/lidar/lidar-imu-slam/env_ws/src/limu/include/limu/sensors/lidar/helpers/voxel_hash_map.hpp:5[m[K,
                 from [01m[K/mnt/c/wslShared/robotics/lidar/lidar-imu-slam/env_ws/src/limu/src/sensors/lidar/helpers/voxel_hash_map.cpp:1[m[K:
[01m[K/usr/include/boost/thread/lock_types.hpp:148:5:[m[K [01;36m[Knote: [m[Kcandidate: ‘[01m[Kboost::unique_lock<Mutex>::unique_lock(Mutex&, const system_time&) [with Mutex = boost::shared_mutex; boost::system_time = boost::posix_time::ptime][m[K’
  148 |     [01;36m[Kunique_lock[m[K(Mutex& m_,system_time const& target_time):
      |     [01;36m[K^~~~~~~~~~~[m[K
[01m[K/usr/include/boost/thread/lock_types.hpp:148:24:[m[K [01;36m[Knote: [m[K  no known conversion for argument 1 from ‘[01m[Kboost::shared_lock<boost::shared_mutex>[m[K’ to ‘[01m[Kboost::shared_mutex&[m[K’
  148 |     unique_lock([01;36m[KMutex& m_[m[K,system_time const& target_time):
      |                 [01;36m[K~~~~~~~^~[m[K
[01m[K/usr/include/boost/thread/lock_types.hpp:143:5:[m[K [01;36m[Knote: [m[Kcandidate: ‘[01m[Ktemplate<class TimeDuration> boost::unique_lock<Mutex>::unique_lock(Mutex&, const TimeDuration&)[m[K’
  143 |     [01;36m[Kunique_lock[m[K(Mutex& m_,TimeDuration const& target_time):
      |     [01;36m[K^~~~~~~~~~~[m[K
[01m[K/usr/include/boost/thread/lock_types.hpp:143:5:[m[K [01;36m[Knote: [m[K  template argument deduction/substitution failed:
[01m[K/mnt/c/wslShared/robotics/lidar/lidar-imu-slam/env_ws/src/limu/src/sensors/lidar/helpers/voxel_hash_map.cpp:157:64:[m[K [01;36m[Knote: [m[K  cannot convert ‘[01m[Klock[m[K’ (type ‘[01m[Kboost::shared_lock<boost::shared_mutex>[m[K’) to type ‘[01m[Kboost::shared_mutex&[m[K’
  157 |                 boost::unique_lock<boost::shared_mutex> unique([01;36m[Klock[m[K, boost::defer_lock);
      |                                                                [01;36m[K^~~~[m[K
In file included from [01m[K/usr/include/boost/thread/pthread/mutex.hpp:16[m[K,
                 from [01m[K/usr/include/boost/thread/mutex.hpp:16[m[K,
                 from [01m[K/usr/include/boost/thread/pthread/shared_mutex.hpp:14[m[K,
                 from [01m[K/usr/include/boost/thread/shared_mutex.hpp:28[m[K,
                 from [01m[K/mnt/c/wslShared/robotics/lidar/lidar-imu-slam/env_ws/src/limu/include/limu/sensors/lidar/helpers/voxel_hash_map.hpp:5[m[K,
                 from [01m[K/mnt/c/wslShared/robotics/lidar/lidar-imu-slam/env_ws/src/limu/src/sensors/lidar/helpers/voxel_hash_map.cpp:1[m[K:
[01m[K/usr/include/boost/thread/lock_types.hpp:136:5:[m[K [01;36m[Knote: [m[Kcandidate: ‘[01m[Kboost::unique_lock<Mutex>::unique_lock(Mutex&, boost::try_to_lock_t) [with Mutex = boost::shared_mutex][m[K’
  136 |     [01;36m[Kunique_lock[m[K(Mutex& m_, try_to_lock_t) :
      |     [01;36m[K^~~~~~~~~~~[m[K
[01m[K/usr/include/boost/thread/lock_types.hpp:136:24:[m[K [01;36m[Knote: [m[K  no known conversion for argument 1 from ‘[01m[Kboost::shared_lock<boost::shared_mutex>[m[K’ to ‘[01m[Kboost::shared_mutex&[m[K’
  136 |     unique_lock([01;36m[KMutex& m_[m[K, try_to_lock_t) :
      |                 [01;36m[K~~~~~~~^~[m[K
[01m[K/usr/include/boost/thread/lock_types.hpp:133:5:[m[K [01;36m[Knote: [m[Kcandidate: ‘[01m[Kboost::unique_lock<Mutex>::unique_lock(Mutex&, boost::defer_lock_t) [with Mutex = boost::shared_mutex][m[K’
  133 |     [01;36m[Kunique_lock[m[K(Mutex& m_, defer_lock_t)BOOST_NOEXCEPT:
      |     [01;36m[K^~~~~~~~~~~[m[K
[01m[K/usr/include/boost/thread/lock_types.hpp:133:24:[m[K [01;36m[Knote: [m[K  no known conversion for argument 1 from ‘[01m[Kboost::shared_lock<boost::shared_mutex>[m[K’ to ‘[01m[Kboost::shared_mutex&[m[K’
  133 |     unique_lock([01;36m[KMutex& m_[m[K, defer_lock_t)BOOST_NOEXCEPT:
      |                 [01;36m[K~~~~~~~^~[m[K
[01m[K/usr/include/boost/thread/lock_types.hpp:126:5:[m[K [01;36m[Knote: [m[Kcandidate: ‘[01m[Kboost::unique_lock<Mutex>::unique_lock(Mutex&, boost::adopt_lock_t) [with Mutex = boost::shared_mutex][m[K’
  126 |     [01;36m[Kunique_lock[m[K(Mutex& m_, adopt_lock_t) :
      |     [01;36m[K^~~~~~~~~~~[m[K
[01m[K/usr/include/boost/thread/lock_types.hpp:126:24:[m[K [01;36m[Knote: [m[K  no known conversion for argument 1 from ‘[01m[Kboost::shared_lock<boost::shared_mutex>[m[K’ to ‘[01m[Kboost::shared_mutex&[m[K’
  126 |     unique_lock([01;36m[KMutex& m_[m[K, adopt_lock_t) :
      |                 [01;36m[K~~~~~~~^~[m[K
[01m[K/usr/include/boost/thread/lock_types.hpp:121:14:[m[K [01;36m[Knote: [m[Kcandidate: ‘[01m[Kboost::unique_lock<Mutex>::unique_lock(Mutex&) [with Mutex = boost::shared_mutex][m[K’
  121 |     explicit [01;36m[Kunique_lock[m[K(Mutex& m_) :
      |              [01;36m[K^~~~~~~~~~~[m[K
[01m[K/usr/include/boost/thread/lock_types.hpp:121:14:[m[K [01;36m[Knote: [m[K  candidate expects 1 argument, 2 provided
[01m[K/usr/include/boost/thread/lock_types.hpp:117:5:[m[K [01;36m[Knote: [m[Kcandidate: ‘[01m[Kboost::unique_lock<Mutex>::unique_lock() [with Mutex = boost::shared_mutex][m[K’
  117 |     [01;36m[Kunique_lock[m[K()BOOST_NOEXCEPT :
      |     [01;36m[K^~~~~~~~~~~[m[K
[01m[K/usr/include/boost/thread/lock_types.hpp:117:5:[m[K [01;36m[Knote: [m[K  candidate expects 0 arguments, 2 provided
[01m[K/usr/include/boost/thread/lock_types.hpp:106:14:[m[K [01;36m[Knote: [m[Kcandidate: ‘[01m[Kboost::unique_lock<Mutex>::unique_lock(boost::upgrade_lock<Mutex>&) [with Mutex = boost::shared_mutex][m[K’
  106 |     explicit [01;36m[Kunique_lock[m[K(upgrade_lock<Mutex>&);
      |              [01;36m[K^~~~~~~~~~~[m[K
[01m[K/usr/include/boost/thread/lock_types.hpp:106:14:[m[K [01;36m[Knote: [m[K  candidate expects 1 argument, 2 provided
make[2]: *** [CMakeFiles/limu.dir/build.make:154: CMakeFiles/limu.dir/src/sensors/lidar/helpers/voxel_hash_map.cpp.o] Error 1
make[1]: *** [CMakeFiles/Makefile2:225: CMakeFiles/limu.dir/all] Error 2
make: *** [Makefile:141: all] Error 2
